<?xml version="1.0" encoding="UTF-8"?>
<!-- Generated by org.testng.reporters.JUnitReportReporter -->
<testsuite skipped="0" hostname="DESKTOP-54VABBU" name="script.TestScript" tests="5" failures="0" timestamp="2023-03-15T17:05:51 IST" time="42.436" errors="0">
  <testcase name="loginTest" time="8.039" classname="script.TestScript"/>
  <system-out/>
  <testcase name="ClickItems" time="8.616" classname="script.TestScript"/>
  <system-out/>
  <testcase name="ClickItems" time="8.242" classname="script.TestScript"/>
  <system-out/>
  <testcase name="RemoveItem" time="4.076" classname="script.TestScript"/>
  <system-out/>
  <testcase name="PlaceOrder" time="13.463" classname="script.TestScript"/>
  <system-out/>
</testsuite> <!-- script.TestScript -->
