<?xml version="1.0" encoding="UTF-8"?>
<!-- Generated by org.testng.reporters.JUnitReportReporter -->
<testsuite skipped="0" hostname="DESKTOP-54VABBU" name="script.TestScript" tests="5" failures="0" timestamp="2023-03-16T22:41:53 IST" time="56.083" errors="0">
  <testcase name="loginTest" time="11.283" classname="script.TestScript"/>
  <system-out/>
  <testcase name="clickItems" time="9.783" classname="script.TestScript"/>
  <system-out/>
  <testcase name="clickItems" time="10.971" classname="script.TestScript"/>
  <system-out/>
  <testcase name="removeItems" time="5.010" classname="script.TestScript"/>
  <system-out/>
  <testcase name="purchase" time="19.036" classname="script.TestScript"/>
  <system-out/>
</testsuite> <!-- script.TestScript -->
